<?xml version="1.0" encoding="UTF-8"?>
<testsuite xmlns:xsi="http://www.w3.org/2001/XMLSchema-instance" xsi:noNamespaceSchemaLocation="https://maven.apache.org/surefire/maven-surefire-plugin/xsd/surefire-test-report.xsd" name="com.mackenzie.tg6.TestTG6" time="0.04" tests="10" errors="0" skipped="0" failures="1">
  <properties>
    <property name="java.specification.version" value="17"/>
    <property name="sun.jnu.encoding" value="UTF-8"/>
    <property name="java.class.path" value="/home/caikmoraes/Documents/Faculdade/TesteDeSoftware/TG6/target/test-classes:/home/caikmoraes/Documents/Faculdade/TesteDeSoftware/TG6/target/classes:/home/caikmoraes/.m2/repository/junit/junit/4.11/junit-4.11.jar:/home/caikmoraes/.m2/repository/org/hamcrest/hamcrest-core/1.3/hamcrest-core-1.3.jar:"/>
    <property name="java.vm.vendor" value="Private Build"/>
    <property name="sun.arch.data.model" value="64"/>
    <property name="java.vendor.url" value="Unknown"/>
    <property name="os.name" value="Linux"/>
    <property name="java.vm.specification.version" value="17"/>
    <property name="sun.java.launcher" value="SUN_STANDARD"/>
    <property name="user.country" value="US"/>
    <property name="sun.boot.library.path" value="/usr/lib/jvm/java-17-openjdk-amd64/lib"/>
    <property name="sun.java.command" value="/home/caikmoraes/Documents/Faculdade/TesteDeSoftware/TG6/target/surefire/surefirebooter13988415200056475602.jar /home/caikmoraes/Documents/Faculdade/TesteDeSoftware/TG6/target/surefire 2021-09-25T20-47-31_502-jvmRun1 surefire1908661235543482619tmp surefire_04955431339492743026tmp"/>
    <property name="jdk.debug" value="release"/>
    <property name="surefire.test.class.path" value="/home/caikmoraes/Documents/Faculdade/TesteDeSoftware/TG6/target/test-classes:/home/caikmoraes/Documents/Faculdade/TesteDeSoftware/TG6/target/classes:/home/caikmoraes/.m2/repository/junit/junit/4.11/junit-4.11.jar:/home/caikmoraes/.m2/repository/org/hamcrest/hamcrest-core/1.3/hamcrest-core-1.3.jar:"/>
    <property name="sun.cpu.endian" value="little"/>
    <property name="user.home" value="/home/caikmoraes"/>
    <property name="user.language" value="en"/>
    <property name="java.specification.vendor" value="Oracle Corporation"/>
    <property name="java.version.date" value="2021-09-14"/>
    <property name="java.home" value="/usr/lib/jvm/java-17-openjdk-amd64"/>
    <property name="file.separator" value="/"/>
    <property name="basedir" value="/home/caikmoraes/Documents/Faculdade/TesteDeSoftware/TG6"/>
    <property name="java.vm.compressedOopsMode" value="32-bit"/>
    <property name="line.separator" value="&#10;"/>
    <property name="java.vm.specification.vendor" value="Oracle Corporation"/>
    <property name="java.specification.name" value="Java Platform API Specification"/>
    <property name="surefire.real.class.path" value="/home/caikmoraes/Documents/Faculdade/TesteDeSoftware/TG6/target/surefire/surefirebooter13988415200056475602.jar"/>
    <property name="sun.management.compiler" value="HotSpot 64-Bit Tiered Compilers"/>
    <property name="java.runtime.version" value="17-ea+19-Ubuntu-1ubuntu1"/>
    <property name="user.name" value="caikmoraes"/>
    <property name="path.separator" value=":"/>
    <property name="os.version" value="5.13.0-7614-generic"/>
    <property name="java.runtime.name" value="OpenJDK Runtime Environment"/>
    <property name="file.encoding" value="UTF-8"/>
    <property name="java.vm.name" value="OpenJDK 64-Bit Server VM"/>
    <property name="localRepository" value="/home/caikmoraes/.m2/repository"/>
    <property name="java.vendor.url.bug" value="Unknown"/>
    <property name="java.io.tmpdir" value="/tmp"/>
    <property name="java.version" value="17-ea"/>
    <property name="user.dir" value="/home/caikmoraes/Documents/Faculdade/TesteDeSoftware/TG6"/>
    <property name="os.arch" value="amd64"/>
    <property name="java.vm.specification.name" value="Java Virtual Machine Specification"/>
    <property name="java.library.path" value="/usr/java/packages/lib:/usr/lib/x86_64-linux-gnu/jni:/lib/x86_64-linux-gnu:/usr/lib/x86_64-linux-gnu:/usr/lib/jni:/lib:/usr/lib"/>
    <property name="java.vm.info" value="mixed mode, sharing"/>
    <property name="java.vendor" value="Private Build"/>
    <property name="java.vm.version" value="17-ea+19-Ubuntu-1ubuntu1"/>
    <property name="sun.io.unicode.encoding" value="UnicodeLittle"/>
    <property name="java.class.version" value="61.0"/>
  </properties>
  <testcase name="CT1" classname="com.mackenzie.tg6.TestTG6" time="0.007"/>
  <testcase name="CT2" classname="com.mackenzie.tg6.TestTG6" time="0"/>
  <testcase name="CT3" classname="com.mackenzie.tg6.TestTG6" time="0"/>
  <testcase name="CT4" classname="com.mackenzie.tg6.TestTG6" time="0.001"/>
  <testcase name="CT5" classname="com.mackenzie.tg6.TestTG6" time="0"/>
  <testcase name="CT6" classname="com.mackenzie.tg6.TestTG6" time="0"/>
  <testcase name="CT7" classname="com.mackenzie.tg6.TestTG6" time="0"/>
  <testcase name="CT8" classname="com.mackenzie.tg6.TestTG6" time="0"/>
  <testcase name="CT9" classname="com.mackenzie.tg6.TestTG6" time="0"/>
  <testcase name="CT10" classname="com.mackenzie.tg6.TestTG6" time="0.003">
    <failure message="expected:&lt;Empréstimo [Nega]do&gt; but was:&lt;Empréstimo [Concedi]do&gt;" type="org.junit.ComparisonFailure"><![CDATA[org.junit.ComparisonFailure: expected:<Empréstimo [Nega]do> but was:<Empréstimo [Concedi]do>
	at com.mackenzie.tg6.TestTG6.CT10(TestTG6.java:65)
]]></failure>
  </testcase>
</testsuite>